node_modules/@ark-ui/solid/dist/components/dialog/index.d.ts(87,48): error TS2693: 'FocusOutsideEvent' only refers to a type, but is being used as a value here.
node_modules/@ark-ui/solid/dist/components/dialog/index.d.ts(88,51): error TS2693: 'InteractOutsideEvent' only refers to a type, but is being used as a value here.
node_modules/@ark-ui/solid/dist/components/dialog/index.d.ts(89,48): error TS2693: 'OpenChangeDetails' only refers to a type, but is being used as a value here.
node_modules/@ark-ui/solid/dist/components/dialog/index.d.ts(90,54): error TS2693: 'PointerDownOutsideEvent' only refers to a type, but is being used as a value here.
node_modules/@ark-ui/solid/dist/components/radio-group/index.d.ts(85,53): error TS2693: 'ValueChangeDetails' only refers to a type, but is being used as a value here.
node_modules/@better-auth/core/dist/types/init-options.d.mts(16,26): error TS2307: Cannot find module 'bun:sqlite' or its corresponding type declarations.
node_modules/@better-fetch/fetch/dist/index.d.ts(731,19): error TS2304: Cannot find name 'Timer'.
node_modules/@pandacss/types/dist/index.d.ts(14,1): error TS2308: Module './composition' has already exported a member named 'Recursive'. Consider explicitly re-exporting to resolve the ambiguity.
node_modules/@pandacss/types/dist/index.d.ts(14,1): error TS2308: Module './pattern' has already exported a member named 'LiteralUnion'. Consider explicitly re-exporting to resolve the ambiguity.
node_modules/@pandacss/types/dist/index.d.ts(14,1): error TS2308: Module './pattern' has already exported a member named 'Primitive'. Consider explicitly re-exporting to resolve the ambiguity.
node_modules/@pandacss/types/dist/index.d.ts(20,1): error TS2308: Module './composition' has already exported a member named 'Token'. Consider explicitly re-exporting to resolve the ambiguity.
node_modules/@silvia-odwyer/photon/photon_rs.d.ts(3378,55): error TS2314: Generic type 'Array<T>' requires 1 type argument(s).
node_modules/@silvia-odwyer/photon/photon_rs.d.ts(3380,51): error TS2314: Generic type 'Array<T>' requires 1 type argument(s).
node_modules/@silvia-odwyer/photon/photon_rs.d.ts(3381,50): error TS2314: Generic type 'Array<T>' requires 1 type argument(s).
node_modules/@silvia-odwyer/photon/photon_rs.d.ts(3382,66): error TS2314: Generic type 'Array<T>' requires 1 type argument(s).
node_modules/@silvia-odwyer/photon/photon_rs.d.ts(3383,55): error TS2314: Generic type 'Array<T>' requires 1 type argument(s).
node_modules/@silvia-odwyer/photon/photon_rs.d.ts(3399,23): error TS2314: Generic type 'Array<T>' requires 1 type argument(s).
node_modules/@silvia-odwyer/photon/photon_rs.d.ts(3403,42): error TS2314: Generic type 'Array<T>' requires 1 type argument(s).
node_modules/@silvia-odwyer/photon/photon_rs.d.ts(3405,53): error TS2314: Generic type 'Array<T>' requires 1 type argument(s).
node_modules/@solidjs/start/config/index.d.ts(1,44): error TS7016: Could not find a declaration file for module 'vinxi'. '/Users/utakatakyosui/Documents/home-clean-item-manage/node_modules/vinxi/lib/index.js' implicitly has an 'any' type.
  If the 'vinxi' package actually exposes this module, try adding a new declaration (.d.ts) file containing `declare module 'vinxi';`
node_modules/@solidjs/start/config/index.d.ts(2,41): error TS2307: Cannot find module 'vinxi/dist/types/lib/vite-dev' or its corresponding type declarations.
node_modules/@zag-js/toast/dist/index.d.mts(95,38): error TS2344: Type 'ToastPropsWithDefault' does not satisfy the constraint 'keyof ToastProps<O>'.
  Type '"parent"' is not assignable to type 'keyof ToastProps<O>'.
node_modules/@zag-js/toast/dist/index.d.mts(180,40): error TS2344: Type 'ToastPropsWithDefault' does not satisfy the constraint 'keyof ToastProps<any>'.
  Type '"parent"' is not assignable to type 'keyof ToastProps<any>'.
node_modules/better-auth/dist/index.d.mts(1,38): error TS7016: Could not find a declaration file for module './_virtual/rolldown_runtime.mjs'. '/Users/utakatakyosui/Documents/home-clean-item-manage/node_modules/better-auth/dist/_virtual/rolldown_runtime.mjs' implicitly has an 'any' type.
node_modules/better-auth/dist/index.d.mts(29,1): error TS2308: Module "zod" has already exported a member named 'ZodStandardSchemaWithJSON'. Consider explicitly re-exporting to resolve the ambiguity.
node_modules/better-auth/dist/index.d.mts(29,1): error TS2308: Module "zod" has already exported a member named '_default'. Consider explicitly re-exporting to resolve the ambiguity.
node_modules/better-auth/dist/index.d.mts(29,1): error TS2308: Module "zod" has already exported a member named 'decode'. Consider explicitly re-exporting to resolve the ambiguity.
node_modules/better-auth/dist/index.d.mts(29,1): error TS2308: Module "zod" has already exported a member named 'decodeAsync'. Consider explicitly re-exporting to resolve the ambiguity.
node_modules/better-auth/dist/index.d.mts(29,1): error TS2308: Module "zod" has already exported a member named 'describe'. Consider explicitly re-exporting to resolve the ambiguity.
node_modules/better-auth/dist/index.d.mts(29,1): error TS2308: Module "zod" has already exported a member named 'encode'. Consider explicitly re-exporting to resolve the ambiguity.
node_modules/better-auth/dist/index.d.mts(29,1): error TS2308: Module "zod" has already exported a member named 'encodeAsync'. Consider explicitly re-exporting to resolve the ambiguity.
node_modules/better-auth/dist/index.d.mts(29,1): error TS2308: Module "zod" has already exported a member named 'meta'. Consider explicitly re-exporting to resolve the ambiguity.
node_modules/better-auth/dist/index.d.mts(29,1): error TS2308: Module "zod" has already exported a member named 'parse'. Consider explicitly re-exporting to resolve the ambiguity.
node_modules/better-auth/dist/index.d.mts(29,1): error TS2308: Module "zod" has already exported a member named 'parseAsync'. Consider explicitly re-exporting to resolve the ambiguity.
node_modules/better-auth/dist/index.d.mts(29,1): error TS2308: Module "zod" has already exported a member named 'safeDecode'. Consider explicitly re-exporting to resolve the ambiguity.
node_modules/better-auth/dist/index.d.mts(29,1): error TS2308: Module "zod" has already exported a member named 'safeDecodeAsync'. Consider explicitly re-exporting to resolve the ambiguity.
node_modules/better-auth/dist/index.d.mts(29,1): error TS2308: Module "zod" has already exported a member named 'safeEncode'. Consider explicitly re-exporting to resolve the ambiguity.
node_modules/better-auth/dist/index.d.mts(29,1): error TS2308: Module "zod" has already exported a member named 'safeEncodeAsync'. Consider explicitly re-exporting to resolve the ambiguity.
node_modules/better-auth/dist/index.d.mts(29,1): error TS2308: Module "zod" has already exported a member named 'safeParse'. Consider explicitly re-exporting to resolve the ambiguity.
node_modules/better-auth/dist/index.d.mts(29,1): error TS2308: Module "zod" has already exported a member named 'safeParseAsync'. Consider explicitly re-exporting to resolve the ambiguity.
node_modules/better-auth/dist/types/index.d.mts(1,38): error TS7016: Could not find a declaration file for module '../_virtual/rolldown_runtime.mjs'. '/Users/utakatakyosui/Documents/home-clean-item-manage/node_modules/better-auth/dist/_virtual/rolldown_runtime.mjs' implicitly has an 'any' type.
node_modules/drizzle-orm/mysql-core/db.d.ts(1,38): error TS2307: Cannot find module 'mysql2/promise' or its corresponding type declarations.
node_modules/drizzle-orm/mysql-core/query-builders/delete.d.ts(32,22): error TS2420: Class 'MySqlDeleteBase<TTable, TQueryResult, TPreparedQueryHKT, TDynamic, TExcludedMethods>' incorrectly implements interface 'SQLWrapper'.
  Property 'getSQL' is missing in type 'MySqlDeleteBase<TTable, TQueryResult, TPreparedQueryHKT, TDynamic, TExcludedMethods>' but required in type 'SQLWrapper'.
node_modules/drizzle-orm/mysql-core/query-builders/select.d.ts(199,244): error TS2344: Type 'string' does not satisfy the constraint 'keyof this & string'.
  Type 'string' is not assignable to type 'keyof this & string'.
    Type 'string' is not assignable to type 'keyof this'.
      Type '"session"' is not assignable to type '"offset" | "intersect" | "for" | "as" | "where" | "_" | "groupBy" | "getSQL" | "union" | "except" | "toSQL" | "$dynamic" | "having" | "orderBy" | "limit" | "leftJoin" | "rightJoin" | ... 4 more ... | "exceptAll"'.
node_modules/drizzle-orm/mysql-core/query-builders/select.d.ts(225,247): error TS2344: Type 'string' does not satisfy the constraint 'keyof this & string'.
  Type 'string' is not assignable to type 'keyof this & string'.
    Type 'string' is not assignable to type 'keyof this'.
      Type '"session"' is not assignable to type '"offset" | "intersect" | "for" | "as" | "where" | "_" | "groupBy" | "getSQL" | "union" | "except" | "toSQL" | "$dynamic" | "having" | "orderBy" | "limit" | "leftJoin" | "rightJoin" | ... 4 more ... | "exceptAll"'.
node_modules/drizzle-orm/mysql-core/query-builders/select.d.ts(251,248): error TS2344: Type 'string' does not satisfy the constraint 'keyof this & string'.
  Type 'string' is not assignable to type 'keyof this & string'.
    Type 'string' is not assignable to type 'keyof this'.
      Type '"session"' is not assignable to type '"offset" | "intersect" | "for" | "as" | "where" | "_" | "groupBy" | "getSQL" | "union" | "except" | "toSQL" | "$dynamic" | "having" | "orderBy" | "limit" | "leftJoin" | "rightJoin" | ... 4 more ... | "exceptAll"'.
node_modules/drizzle-orm/mysql-core/query-builders/select.d.ts(292,251): error TS2344: Type 'string' does not satisfy the constraint 'keyof this & string'.
  Type 'string' is not assignable to type 'keyof this & string'.
    Type 'string' is not assignable to type 'keyof this'.
      Type '"session"' is not assignable to type '"offset" | "intersect" | "for" | "as" | "where" | "_" | "groupBy" | "getSQL" | "union" | "except" | "toSQL" | "$dynamic" | "having" | "orderBy" | "limit" | "leftJoin" | "rightJoin" | ... 4 more ... | "exceptAll"'.
node_modules/drizzle-orm/mysql-core/query-builders/select.d.ts(318,245): error TS2344: Type 'string' does not satisfy the constraint 'keyof this & string'.
  Type 'string' is not assignable to type 'keyof this & string'.
    Type 'string' is not assignable to type 'keyof this'.
      Type '"session"' is not assignable to type '"offset" | "intersect" | "for" | "as" | "where" | "_" | "groupBy" | "getSQL" | "union" | "except" | "toSQL" | "$dynamic" | "having" | "orderBy" | "limit" | "leftJoin" | "rightJoin" | ... 4 more ... | "exceptAll"'.
node_modules/drizzle-orm/mysql-core/query-builders/select.d.ts(359,248): error TS2344: Type 'string' does not satisfy the constraint 'keyof this & string'.
  Type 'string' is not assignable to type 'keyof this & string'.
    Type 'string' is not assignable to type 'keyof this'.
      Type '"session"' is not assignable to type '"offset" | "intersect" | "for" | "as" | "where" | "_" | "groupBy" | "getSQL" | "union" | "except" | "toSQL" | "$dynamic" | "having" | "orderBy" | "limit" | "leftJoin" | "rightJoin" | ... 4 more ... | "exceptAll"'.
node_modules/drizzle-orm/mysql-core/query-builders/select.d.ts(511,22): error TS2515: Non-abstract class 'MySqlSelectBase<TTableName, TSelection, TSelectMode, TPreparedQueryHKT, TNullabilityMap, TDynamic, TExcludedMethods, TResult, TSelectedFields>' does not implement inherited abstract member getSQL from class 'MySqlSelectQueryBuilderBase<MySqlSelectHKT, TTableName, TSelection, TSelectMode, TPreparedQueryHKT, TNullabilityMap, TDynamic, TExcludedMethods, TResult, TSelectedFields>'.
node_modules/drizzle-orm/mysql-core/query-builders/select.types.d.ts(130,1149): error TS2344: Type 'MySqlSetOperatorExcludedMethods' does not satisfy the constraint '"offset" | "intersect" | "execute" | "for" | "as" | "iterator" | "then" | "catch" | "finally" | "prepare" | "where" | "_" | "groupBy" | "getSQL" | "union" | "except" | "toSQL" | ... 10 more ... | "exceptAll"'.
  Type '"session"' is not assignable to type '"offset" | "intersect" | "execute" | "for" | "as" | "iterator" | "then" | "catch" | "finally" | "prepare" | "where" | "_" | "groupBy" | "getSQL" | "union" | "except" | "toSQL" | ... 10 more ... | "exceptAll"'.
node_modules/drizzle-orm/pg-core/query-builders/query.d.ts(23,22): error TS2420: Class 'PgRelationalQuery<TResult>' incorrectly implements interface 'SQLWrapper'.
  Property 'getSQL' is missing in type 'PgRelationalQuery<TResult>' but required in type 'SQLWrapper'.
node_modules/drizzle-orm/sqlite-core/columns/blob.d.ts(2,23): error TS2688: Cannot find type definition file for 'bun-types'.
node_modules/drizzle-orm/sqlite-core/query-builders/query.d.ts(25,22): error TS2420: Class 'SQLiteRelationalQuery<TType, TResult>' incorrectly implements interface 'SQLWrapper'.
  Property 'getSQL' is missing in type 'SQLiteRelationalQuery<TType, TResult>' but required in type 'SQLWrapper'.
node_modules/drizzle-orm/sqlite-core/query-builders/select.d.ts(202,247): error TS2344: Type 'string' does not satisfy the constraint 'keyof this & string'.
  Type 'string' is not assignable to type 'keyof this & string'.
    Type 'string' is not assignable to type 'keyof this'.
      Type '"config"' is not assignable to type '"offset" | "intersect" | "as" | "where" | "_" | "groupBy" | "getSQL" | "union" | "except" | "toSQL" | "$dynamic" | "having" | "orderBy" | "limit" | "leftJoin" | "rightJoin" | "innerJoin" | "fullJoin" | "unionAll"'.
node_modules/drizzle-orm/sqlite-core/query-builders/select.d.ts(228,250): error TS2344: Type 'string' does not satisfy the constraint 'keyof this & string'.
  Type 'string' is not assignable to type 'keyof this & string'.
    Type 'string' is not assignable to type 'keyof this'.
      Type '"config"' is not assignable to type '"offset" | "intersect" | "as" | "where" | "_" | "groupBy" | "getSQL" | "union" | "except" | "toSQL" | "$dynamic" | "having" | "orderBy" | "limit" | "leftJoin" | "rightJoin" | "innerJoin" | "fullJoin" | "unionAll"'.
node_modules/drizzle-orm/sqlite-core/query-builders/select.d.ts(254,251): error TS2344: Type 'string' does not satisfy the constraint 'keyof this & string'.
  Type 'string' is not assignable to type 'keyof this & string'.
    Type 'string' is not assignable to type 'keyof this'.
      Type '"config"' is not assignable to type '"offset" | "intersect" | "as" | "where" | "_" | "groupBy" | "getSQL" | "union" | "except" | "toSQL" | "$dynamic" | "having" | "orderBy" | "limit" | "leftJoin" | "rightJoin" | "innerJoin" | "fullJoin" | "unionAll"'.
node_modules/drizzle-orm/sqlite-core/query-builders/select.d.ts(280,248): error TS2344: Type 'string' does not satisfy the constraint 'keyof this & string'.
  Type 'string' is not assignable to type 'keyof this & string'.
    Type 'string' is not assignable to type 'keyof this'.
      Type '"config"' is not assignable to type '"offset" | "intersect" | "as" | "where" | "_" | "groupBy" | "getSQL" | "union" | "except" | "toSQL" | "$dynamic" | "having" | "orderBy" | "limit" | "leftJoin" | "rightJoin" | "innerJoin" | "fullJoin" | "unionAll"'.
node_modules/drizzle-orm/sqlite-core/query-builders/select.d.ts(421,22): error TS2515: Non-abstract class 'SQLiteSelectBase<TTableName, TResultType, TRunResult, TSelection, TSelectMode, TNullabilityMap, TDynamic, TExcludedMethods, TResult, TSelectedFields>' does not implement inherited abstract member getSQL from class 'SQLiteSelectQueryBuilderBase<SQLiteSelectHKT, TTableName, TResultType, TRunResult, TSelection, TSelectMode, TNullabilityMap, TDynamic, TExcludedMethods, TResult, TSelectedFields>'.
node_modules/drizzle-orm/sqlite-core/query-builders/select.types.d.ts(122,1157): error TS2344: Type 'SQLiteSetOperatorExcludedMethods' does not satisfy the constraint '"values" | "all" | "offset" | "intersect" | "get" | "execute" | "as" | "then" | "catch" | "finally" | "prepare" | "where" | "_" | "groupBy" | "getSQL" | "union" | "except" | "toSQL" | ... 9 more ... | "run"'.
  Type '"config"' is not assignable to type '"values" | "all" | "offset" | "intersect" | "get" | "execute" | "as" | "then" | "catch" | "finally" | "prepare" | "where" | "_" | "groupBy" | "getSQL" | "union" | "except" | "toSQL" | ... 9 more ... | "run"'.
node_modules/h3/dist/index.d.ts(29,100): error TS2552: Cannot find name 'FetchEvent'. Did you mean 'TouchEvent'?
node_modules/vite/dist/node/module-runner.d.ts(149,11): error TS2430: Interface 'ModuleRunnerImportMeta' incorrectly extends interface 'ImportMeta'.
  Types of property 'env' are incompatible.
    Type 'ImportMetaEnv' is missing the following properties from type 'ImportMetaEnv': MANIFEST, DB_URL, DB_MIGRATIONS_URL, SITE_NAME, and 8 more.
scripts/migrate-boxes.ts(1,26): error TS2307: Cannot find module 'bun:sqlite' or its corresponding type declarations.
src/routes/boxes/[id]/edit.tsx(23,8): error TS2769: No overload matches this call.
  Overload 1 of 2, '(props: { when: any; keyed?: false | undefined; fallback?: Element; children: Element; }): Element', gave the following error.
    Type '() => JSX.Element' is not assignable to type 'Element'.
  Overload 2 of 2, '(props: { when: any; keyed: true; fallback?: Element; children: Element; }): Element', gave the following error.
    Type '() => JSX.Element' is not assignable to type 'Element'.
src/routes/boxes/[id]/index.tsx(31,44): error TS2322: Type '{ innerText?: string | number | undefined; accesskey?: string | undefined; autocapitalize?: HTMLAutocapitalize | undefined; autocorrect?: "off" | "on" | undefined; ... 444 more ...; role?: "search" | ... 69 more ... | undefined; }' is not assignable to type 'IntrinsicAttributes & AnchorProps'.
  Property 'href' is missing in type '{ innerText?: string | number | undefined; accesskey?: string | undefined; autocapitalize?: HTMLAutocapitalize | undefined; autocorrect?: "off" | "on" | undefined; ... 444 more ...; role?: "search" | ... 69 more ... | undefined; }' but required in type 'AnchorProps'.
src/routes/boxes/index.tsx(28,38): error TS2322: Type '{ innerText?: string | number | undefined; accesskey?: string | undefined; autocapitalize?: HTMLAutocapitalize | undefined; autocorrect?: "off" | "on" | undefined; ... 444 more ...; role?: "search" | ... 69 more ... | undefined; }' is not assignable to type 'IntrinsicAttributes & AnchorProps'.
  Property 'href' is missing in type '{ innerText?: string | number | undefined; accesskey?: string | undefined; autocapitalize?: HTMLAutocapitalize | undefined; autocorrect?: "off" | "on" | undefined; ... 444 more ...; role?: "search" | ... 69 more ... | undefined; }' but required in type 'AnchorProps'.
src/routes/boxes/index.tsx(71,58): error TS2322: Type '{ innerText?: string | number | undefined; accesskey?: string | undefined; autocapitalize?: HTMLAutocapitalize | undefined; autocorrect?: "off" | "on" | undefined; ... 444 more ...; role?: "search" | ... 69 more ... | undefined; }' is not assignable to type 'IntrinsicAttributes & AnchorProps'.
  Property 'href' is missing in type '{ innerText?: string | number | undefined; accesskey?: string | undefined; autocapitalize?: HTMLAutocapitalize | undefined; autocorrect?: "off" | "on" | undefined; ... 444 more ...; role?: "search" | ... 69 more ... | undefined; }' but required in type 'AnchorProps'.
src/routes/categories/[id]/index.tsx(31,44): error TS2322: Type '{ innerText?: string | number | undefined; accesskey?: string | undefined; autocapitalize?: HTMLAutocapitalize | undefined; autocorrect?: "off" | "on" | undefined; ... 444 more ...; role?: "search" | ... 69 more ... | undefined; }' is not assignable to type 'IntrinsicAttributes & AnchorProps'.
  Property 'href' is missing in type '{ innerText?: string | number | undefined; accesskey?: string | undefined; autocapitalize?: HTMLAutocapitalize | undefined; autocorrect?: "off" | "on" | undefined; ... 444 more ...; role?: "search" | ... 69 more ... | undefined; }' but required in type 'AnchorProps'.
src/routes/categories/index.tsx(28,38): error TS2322: Type '{ innerText?: string | number | undefined; accesskey?: string | undefined; autocapitalize?: HTMLAutocapitalize | undefined; autocorrect?: "off" | "on" | undefined; ... 444 more ...; role?: "search" | ... 69 more ... | undefined; }' is not assignable to type 'IntrinsicAttributes & AnchorProps'.
  Property 'href' is missing in type '{ innerText?: string | number | undefined; accesskey?: string | undefined; autocapitalize?: HTMLAutocapitalize | undefined; autocorrect?: "off" | "on" | undefined; ... 444 more ...; role?: "search" | ... 69 more ... | undefined; }' but required in type 'AnchorProps'.
src/routes/categories/index.tsx(60,58): error TS2322: Type '{ innerText?: string | number | undefined; accesskey?: string | undefined; autocapitalize?: HTMLAutocapitalize | undefined; autocorrect?: "off" | "on" | undefined; ... 444 more ...; role?: "search" | ... 69 more ... | undefined; }' is not assignable to type 'IntrinsicAttributes & AnchorProps'.
  Property 'href' is missing in type '{ innerText?: string | number | undefined; accesskey?: string | undefined; autocapitalize?: HTMLAutocapitalize | undefined; autocorrect?: "off" | "on" | undefined; ... 444 more ...; role?: "search" | ... 69 more ... | undefined; }' but required in type 'AnchorProps'.
src/routes/items/[id]/index.tsx(51,44): error TS2322: Type '{ innerText?: string | number | undefined; accesskey?: string | undefined; autocapitalize?: HTMLAutocapitalize | undefined; autocorrect?: "off" | "on" | undefined; ... 444 more ...; role?: "search" | ... 69 more ... | undefined; }' is not assignable to type 'IntrinsicAttributes & AnchorProps'.
  Property 'href' is missing in type '{ innerText?: string | number | undefined; accesskey?: string | undefined; autocapitalize?: HTMLAutocapitalize | undefined; autocorrect?: "off" | "on" | undefined; ... 444 more ...; role?: "search" | ... 69 more ... | undefined; }' but required in type 'AnchorProps'.
src/routes/items/index.tsx(28,38): error TS2322: Type '{ innerText?: string | number | undefined; accesskey?: string | undefined; autocapitalize?: HTMLAutocapitalize | undefined; autocorrect?: "off" | "on" | undefined; ... 444 more ...; role?: "search" | ... 69 more ... | undefined; }' is not assignable to type 'IntrinsicAttributes & AnchorProps'.
  Property 'href' is missing in type '{ innerText?: string | number | undefined; accesskey?: string | undefined; autocapitalize?: HTMLAutocapitalize | undefined; autocorrect?: "off" | "on" | undefined; ... 444 more ...; role?: "search" | ... 69 more ... | undefined; }' but required in type 'AnchorProps'.
src/routes/items/index.tsx(66,58): error TS2322: Type '{ innerText?: string | number | undefined; accesskey?: string | undefined; autocapitalize?: HTMLAutocapitalize | undefined; autocorrect?: "off" | "on" | undefined; ... 444 more ...; role?: "search" | ... 69 more ... | undefined; }' is not assignable to type 'IntrinsicAttributes & AnchorProps'.
  Property 'href' is missing in type '{ innerText?: string | number | undefined; accesskey?: string | undefined; autocapitalize?: HTMLAutocapitalize | undefined; autocorrect?: "off" | "on" | undefined; ... 444 more ...; role?: "search" | ... 69 more ... | undefined; }' but required in type 'AnchorProps'.
src/routes/items/index.tsx(69,58): error TS2322: Type '{ innerText?: string | number | undefined; accesskey?: string | undefined; autocapitalize?: HTMLAutocapitalize | undefined; autocorrect?: "off" | "on" | undefined; ... 444 more ...; role?: "search" | ... 69 more ... | undefined; }' is not assignable to type 'IntrinsicAttributes & AnchorProps'.
  Property 'href' is missing in type '{ innerText?: string | number | undefined; accesskey?: string | undefined; autocapitalize?: HTMLAutocapitalize | undefined; autocorrect?: "off" | "on" | undefined; ... 444 more ...; role?: "search" | ... 69 more ... | undefined; }' but required in type 'AnchorProps'.
src/routes/settings.tsx(30,19): error TS2322: Type '(formData: FormData) => Promise<void>' is not assignable to type 'string | SerializableAttributeValue | undefined'.
src/routes/settings.tsx(39,37): error TS2322: Type '{ children: Element[]; name: string; class: string; defaultValue: string; }' is not assignable to type 'SelectHTMLAttributes<HTMLSelectElement>'.
  Property 'defaultValue' does not exist on type 'SelectHTMLAttributes<HTMLSelectElement>'.
src/routes/settings.tsx(53,37): error TS2322: Type '{ children: Element[]; name: string; class: string; defaultValue: string; }' is not assignable to type 'SelectHTMLAttributes<HTMLSelectElement>'.
  Property 'defaultValue' does not exist on type 'SelectHTMLAttributes<HTMLSelectElement>'.
src/routes/settings.tsx(67,37): error TS2322: Type '{ children: Element[]; name: string; class: string; defaultValue: string; }' is not assignable to type 'SelectHTMLAttributes<HTMLSelectElement>'.
  Property 'defaultValue' does not exist on type 'SelectHTMLAttributes<HTMLSelectElement>'.
src/routes/settings.tsx(81,37): error TS2322: Type '{ children: Element[]; name: string; class: string; defaultValue: string; }' is not assignable to type 'SelectHTMLAttributes<HTMLSelectElement>'.
  Property 'defaultValue' does not exist on type 'SelectHTMLAttributes<HTMLSelectElement>'.
src/routes/storages/[id]/index.tsx(32,44): error TS2322: Type '{ innerText?: string | number | undefined; accesskey?: string | undefined; autocapitalize?: HTMLAutocapitalize | undefined; autocorrect?: "off" | "on" | undefined; ... 444 more ...; role?: "search" | ... 69 more ... | undefined; }' is not assignable to type 'IntrinsicAttributes & AnchorProps'.
  Property 'href' is missing in type '{ innerText?: string | number | undefined; accesskey?: string | undefined; autocapitalize?: HTMLAutocapitalize | undefined; autocorrect?: "off" | "on" | undefined; ... 444 more ...; role?: "search" | ... 69 more ... | undefined; }' but required in type 'AnchorProps'.
src/routes/storages/index.tsx(28,38): error TS2322: Type '{ innerText?: string | number | undefined; accesskey?: string | undefined; autocapitalize?: HTMLAutocapitalize | undefined; autocorrect?: "off" | "on" | undefined; ... 444 more ...; role?: "search" | ... 69 more ... | undefined; }' is not assignable to type 'IntrinsicAttributes & AnchorProps'.
  Property 'href' is missing in type '{ innerText?: string | number | undefined; accesskey?: string | undefined; autocapitalize?: HTMLAutocapitalize | undefined; autocorrect?: "off" | "on" | undefined; ... 444 more ...; role?: "search" | ... 69 more ... | undefined; }' but required in type 'AnchorProps'.
src/routes/storages/index.tsx(60,58): error TS2322: Type '{ innerText?: string | number | undefined; accesskey?: string | undefined; autocapitalize?: HTMLAutocapitalize | undefined; autocorrect?: "off" | "on" | undefined; ... 444 more ...; role?: "search" | ... 69 more ... | undefined; }' is not assignable to type 'IntrinsicAttributes & AnchorProps'.
  Property 'href' is missing in type '{ innerText?: string | number | undefined; accesskey?: string | undefined; autocapitalize?: HTMLAutocapitalize | undefined; autocorrect?: "off" | "on" | undefined; ... 444 more ...; role?: "search" | ... 69 more ... | undefined; }' but required in type 'AnchorProps'.
src/routes/verify.tsx(6,26): error TS2307: Cannot find module '~/lib/utils' or its corresponding type declarations.
styled-system/jsx/is-valid-prop.d.ts(2,33): error TS2305: Module '"../types"' has no exported member 'HTMLPandaProps'.
styled-system/types/style-props.d.ts(1788,61): error TS2339: Property 'colorInterpolationFilters' does not exist on type 'CssProperties'.
styled-system/types/style-props.d.ts(2154,38): error TS2339: Property 'cx' does not exist on type 'CssProperties'.
styled-system/types/style-props.d.ts(2155,38): error TS2339: Property 'cy' does not exist on type 'CssProperties'.
styled-system/types/style-props.d.ts(2156,37): error TS2339: Property 'd' does not exist on type 'CssProperties'.
styled-system/types/style-props.d.ts(3061,54): error TS2339: Property 'initialLetterAlign' does not exist on type 'CssProperties'.
styled-system/types/style-props.d.ts(4705,56): error TS2339: Property 'positionTryFallbacks' does not exist on type 'CssProperties'.
styled-system/types/style-props.d.ts(4737,37): error TS2339: Property 'r' does not exist on type 'CssProperties'.
styled-system/types/style-props.d.ts(4829,38): error TS2339: Property 'rx' does not exist on type 'CssProperties'.
styled-system/types/style-props.d.ts(4830,38): error TS2339: Property 'ry' does not exist on type 'CssProperties'.
styled-system/types/style-props.d.ts(5402,43): error TS2339: Property 'textBox' does not exist on type 'CssProperties'.
styled-system/types/style-props.d.ts(5403,47): error TS2339: Property 'textBoxEdge' does not exist on type 'CssProperties'.
styled-system/types/style-props.d.ts(5404,47): error TS2339: Property 'textBoxTrim' does not exist on type 'CssProperties'.
